生成启动时间为 2017/7/4 8:13:08。
     1>项目“D:\GitHub\c-exercise\link-list\Project1\Project1\Project1.vcxproj”在节点 2 上(Build 个目标)。
     1>ClCompile:
         D:\vs2015\VC\bin\CL.exe /c /ZI /nologo /W3 /WX- /sdl /Od /Oy- /D _MBCS /Gm /EHsc /RTC1 /MDd /GS /fp:precise /Zc:wchar_t /Zc:forScope /Zc:inline /Fo"Debug\\" /Fd"Debug\vc140.pdb" /Gd /TC /analyze- /errorReport:prompt link.c main.c
         main.c
     1>d:\github\c-exercise\link-list\project1\project1\link.h(10): error C2061: 语法错误: 标识符“Node”
     1>d:\github\c-exercise\link-list\project1\project1\link.h(11): error C2059: 语法错误:“}”
     1>d:\github\c-exercise\link-list\project1\project1\link.h(18): error C2143: 语法错误: 缺少“{”(在“*”的前面)
     1>d:\github\c-exercise\link-list\project1\project1\link.h(28): error C2143: 语法错误: 缺少“{”(在“*”的前面)
     1>d:\github\c-exercise\link-list\project1\project1\link.h(30): error C2143: 语法错误: 缺少“{”(在“*”的前面)
     1>d:\github\c-exercise\link-list\project1\project1\main.c(8): error C2065: “Node”: 未声明的标识符
     1>d:\github\c-exercise\link-list\project1\project1\main.c(8): error C2065: “p”: 未声明的标识符
     1>d:\github\c-exercise\link-list\project1\project1\main.c(8): warning C4552: “*”: 运算符不起任何作用；应输入带副作用的运算符
     1>d:\github\c-exercise\link-list\project1\project1\main.c(17): error C2065: “p”: 未声明的标识符
     1>d:\github\c-exercise\link-list\project1\project1\main.c(17): error C2037: “Next”的左侧部分指定未定义的结构/联合“Node”
     1>d:\github\c-exercise\link-list\project1\project1\main.c(18): error C2065: “p”: 未声明的标识符
     1>d:\github\c-exercise\link-list\project1\project1\main.c(18): warning C4047: “!=”:“int”与“void *”的间接级别不同
     1>d:\github\c-exercise\link-list\project1\project1\main.c(20): error C2065: “p”: 未声明的标识符
     1>d:\github\c-exercise\link-list\project1\project1\main.c(20): error C2223: “->data”的左侧必须指向结构/联合
         link.c
     1>d:\github\c-exercise\link-list\project1\project1\link.h(10): error C2061: 语法错误: 标识符“Node”
     1>d:\github\c-exercise\link-list\project1\project1\link.h(11): error C2059: 语法错误:“}”
     1>d:\github\c-exercise\link-list\project1\project1\link.h(18): error C2143: 语法错误: 缺少“{”(在“*”的前面)
     1>d:\github\c-exercise\link-list\project1\project1\link.h(28): error C2143: 语法错误: 缺少“{”(在“*”的前面)
     1>d:\github\c-exercise\link-list\project1\project1\link.h(30): error C2143: 语法错误: 缺少“{”(在“*”的前面)
     1>d:\github\c-exercise\link-list\project1\project1\link.c(8): error C2065: “Node”: 未声明的标识符
     1>d:\github\c-exercise\link-list\project1\project1\link.c(9): error C2037: “Next”的左侧部分指定未定义的结构/联合“Node”
     1>d:\github\c-exercise\link-list\project1\project1\link.c(13): error C2143: 语法错误: 缺少“{”(在“*”的前面)
     1>d:\github\c-exercise\link-list\project1\project1\link.c(15): error C2065: “Node”: 未声明的标识符
     1>d:\github\c-exercise\link-list\project1\project1\link.c(15): error C2065: “p”: 未声明的标识符
     1>d:\github\c-exercise\link-list\project1\project1\link.c(15): warning C4047: “=”:“int”与“void *”的间接级别不同
     1>d:\github\c-exercise\link-list\project1\project1\link.c(15): error C2106: “=”: 左操作数必须为左值
     1>d:\github\c-exercise\link-list\project1\project1\link.c(16): error C2065: “p”: 未声明的标识符
     1>d:\github\c-exercise\link-list\project1\project1\link.c(16): error C2065: “Node”: 未声明的标识符
     1>d:\github\c-exercise\link-list\project1\project1\link.c(16): error C2059: 语法错误:“)”
     1>d:\github\c-exercise\link-list\project1\project1\link.c(17): error C2065: “p”: 未声明的标识符
     1>d:\github\c-exercise\link-list\project1\project1\link.c(17): error C2223: “->Next”的左侧必须指向结构/联合
     1>d:\github\c-exercise\link-list\project1\project1\link.c(18): error C2065: “p”: 未声明的标识符
     1>d:\github\c-exercise\link-list\project1\project1\link.c(18): warning C4047: “return”:“int *”与“int”的间接级别不同
     1>d:\github\c-exercise\link-list\project1\project1\link.c(21): error C2143: 语法错误: 缺少“{”(在“*”的前面)
     1>d:\github\c-exercise\link-list\project1\project1\link.c(24): error C2037: “data”的左侧部分指定未定义的结构/联合“Node”
     1>d:\github\c-exercise\link-list\project1\project1\link.c(24): fatal error C1903: 无法从以前的错误中恢复；正在停止编译
     1>已完成生成项目“D:\GitHub\c-exercise\link-list\Project1\Project1\Project1.vcxproj”(Build 个目标)的操作 - 失败。

生成失败。

已用时间 00:00:08.41
